\BOOKMARK [0][-]{chapter.1}{\376\377\000T\000o\000d\000o\000\040\000L\000i\000s\000t}{}% 1
\BOOKMARK [0][-]{chapter.2}{\376\377\000C\000l\000a\000s\000s\000\040\000I\000n\000d\000e\000x}{}% 2
\BOOKMARK [1][-]{section.2.1}{\376\377\000C\000l\000a\000s\000s\000\040\000L\000i\000s\000t}{chapter.2}% 3
\BOOKMARK [0][-]{chapter.3}{\376\377\000C\000l\000a\000s\000s\000\040\000D\000o\000c\000u\000m\000e\000n\000t\000a\000t\000i\000o\000n}{}% 4
\BOOKMARK [1][-]{section.3.1}{\376\377\000d\000i\000c\000c\000i\000o\000n\000a\000r\000i\000o\000<\000\040\000K\000e\000y\000,\000\040\000D\000e\000f\000\040\000>\000:\000:\000c\000o\000n\000s\000t\000\137\000i\000t\000e\000r\000a\000t\000o\000r\000\040\000C\000l\000a\000s\000s\000\040\000R\000e\000f\000e\000r\000e\000n\000c\000e}{chapter.3}% 5
\BOOKMARK [2][-]{subsection.3.1.1}{\376\377\000D\000e\000t\000a\000i\000l\000e\000d\000\040\000D\000e\000s\000c\000r\000i\000p\000t\000i\000o\000n}{section.3.1}% 6
\BOOKMARK [1][-]{section.3.2}{\376\377\000d\000i\000c\000c\000i\000o\000n\000a\000r\000i\000o\000<\000\040\000K\000e\000y\000,\000\040\000D\000e\000f\000\040\000>\000\040\000C\000l\000a\000s\000s\000\040\000T\000e\000m\000p\000l\000a\000t\000e\000\040\000R\000e\000f\000e\000r\000e\000n\000c\000e}{chapter.3}% 7
\BOOKMARK [2][-]{subsection.3.2.1}{\376\377\000C\000o\000n\000s\000t\000r\000u\000c\000t\000o\000r\000\040\000\046\000\040\000D\000e\000s\000t\000r\000u\000c\000t\000o\000r\000\040\000D\000o\000c\000u\000m\000e\000n\000t\000a\000t\000i\000o\000n}{section.3.2}% 8
\BOOKMARK [3][-]{subsubsection.3.2.1.1}{\376\377\000d\000i\000c\000c\000i\000o\000n\000a\000r\000i\000o}{subsection.3.2.1}% 9
\BOOKMARK [3][-]{subsubsection.3.2.1.2}{\376\377\000d\000i\000c\000c\000i\000o\000n\000a\000r\000i\000o}{subsection.3.2.1}% 10
\BOOKMARK [3][-]{subsubsection.3.2.1.3}{\376\377\000d\000i\000c\000c\000i\000o\000n\000a\000r\000i\000o}{subsection.3.2.1}% 11
\BOOKMARK [2][-]{subsection.3.2.2}{\376\377\000M\000e\000m\000b\000e\000r\000\040\000F\000u\000n\000c\000t\000i\000o\000n\000\040\000D\000o\000c\000u\000m\000e\000n\000t\000a\000t\000i\000o\000n}{section.3.2}% 12
\BOOKMARK [3][-]{subsubsection.3.2.2.1}{\376\377\000b\000e\000g\000i\000n}{subsection.3.2.2}% 13
\BOOKMARK [3][-]{subsubsection.3.2.2.2}{\376\377\000b\000e\000g\000i\000n}{subsection.3.2.2}% 14
\BOOKMARK [3][-]{subsubsection.3.2.2.3}{\376\377\000e\000n\000d}{subsection.3.2.2}% 15
\BOOKMARK [3][-]{subsubsection.3.2.2.4}{\376\377\000e\000n\000d}{subsection.3.2.2}% 16
\BOOKMARK [3][-]{subsubsection.3.2.2.5}{\376\377\000f\000i\000n\000d}{subsection.3.2.2}% 17
\BOOKMARK [3][-]{subsubsection.3.2.2.6}{\376\377\000o\000p\000e\000r\000a\000t\000o\000r\000=}{subsection.3.2.2}% 18
\BOOKMARK [3][-]{subsubsection.3.2.2.7}{\376\377\000o\000p\000e\000r\000a\000t\000o\000r\000[\000]}{subsection.3.2.2}% 19
\BOOKMARK [3][-]{subsubsection.3.2.2.8}{\376\377\000o\000p\000e\000r\000a\000t\000o\000r\000[\000]}{subsection.3.2.2}% 20
\BOOKMARK [3][-]{subsubsection.3.2.2.9}{\376\377\000s\000i\000z\000e}{subsection.3.2.2}% 21
\BOOKMARK [2][-]{subsection.3.2.3}{\376\377\000F\000r\000i\000e\000n\000d\000s\000\040\000A\000n\000d\000\040\000R\000e\000l\000a\000t\000e\000d\000\040\000F\000u\000n\000c\000t\000i\000o\000n\000\040\000D\000o\000c\000u\000m\000e\000n\000t\000a\000t\000i\000o\000n}{section.3.2}% 22
\BOOKMARK [3][-]{subsubsection.3.2.3.1}{\376\377\000o\000p\000e\000r\000a\000t\000o\000r\000<\000<}{subsection.3.2.3}% 23
\BOOKMARK [1][-]{section.3.3}{\376\377\000d\000i\000c\000c\000i\000o\000n\000a\000r\000i\000o\000<\000\040\000K\000e\000y\000,\000\040\000D\000e\000f\000\040\000>\000:\000:\000i\000t\000e\000r\000a\000t\000o\000r\000\040\000C\000l\000a\000s\000s\000\040\000R\000e\000f\000e\000r\000e\000n\000c\000e}{chapter.3}% 24
\BOOKMARK [2][-]{subsection.3.3.1}{\376\377\000D\000e\000t\000a\000i\000l\000e\000d\000\040\000D\000e\000s\000c\000r\000i\000p\000t\000i\000o\000n}{section.3.3}% 25
\BOOKMARK [2][-]{subsection.3.3.2}{\376\377\000C\000o\000n\000s\000t\000r\000u\000c\000t\000o\000r\000\040\000\046\000\040\000D\000e\000s\000t\000r\000u\000c\000t\000o\000r\000\040\000D\000o\000c\000u\000m\000e\000n\000t\000a\000t\000i\000o\000n}{section.3.3}% 26
\BOOKMARK [3][-]{subsubsection.3.3.2.1}{\376\377\000i\000t\000e\000r\000a\000t\000o\000r}{subsection.3.3.2}% 27
\BOOKMARK [2][-]{subsection.3.3.3}{\376\377\000M\000e\000m\000b\000e\000r\000\040\000F\000u\000n\000c\000t\000i\000o\000n\000\040\000D\000o\000c\000u\000m\000e\000n\000t\000a\000t\000i\000o\000n}{section.3.3}% 28
\BOOKMARK [3][-]{subsubsection.3.3.3.1}{\376\377\000o\000p\000e\000r\000a\000t\000o\000r\000!\000=}{subsection.3.3.3}% 29
\BOOKMARK [3][-]{subsubsection.3.3.3.2}{\376\377\000o\000p\000e\000r\000a\000t\000o\000r}{subsection.3.3.3}% 30
\BOOKMARK [3][-]{subsubsection.3.3.3.3}{\376\377\000o\000p\000e\000r\000a\000t\000o\000r\000+\000+}{subsection.3.3.3}% 31
\BOOKMARK [3][-]{subsubsection.3.3.3.4}{\376\377\000o\000p\000e\000r\000a\000t\000o\000r\000+\000+}{subsection.3.3.3}% 32
\BOOKMARK [3][-]{subsubsection.3.3.3.5}{\376\377\000o\000p\000e\000r\000a\000t\000o\000r\000=\000=}{subsection.3.3.3}% 33
